<?xml version="1.0" encoding="UTF-8"?>
<!-- Generated by org.testng.reporters.JUnitReportReporter -->
<testsuite hostname="DESKTOP-QA9DDMF" failures="0" tests="1" name="runners.CRMStepDef" time="0.162" errors="0" timestamp="2023-12-06T19:19:35 IST" skipped="0">
  <testcase classname="runners.CRMStepDef" name="runScenario" time="0.162"/>
  <system-out/>
</testsuite> <!-- runners.CRMStepDef -->
