<?xml version="1.0" encoding="UTF-8"?>
<!-- Generated by org.testng.reporters.JUnitReportReporter -->
<testsuite hostname="DESKTOP-QA9DDMF" failures="0" tests="1" name="runners.SampleRunner" time="12.653" errors="0" timestamp="2023-12-06T17:34:21 IST" skipped="0">
  <testcase classname="runners.SampleRunner" name="runScenario" time="12.653"/>
  <system-out/>
</testsuite> <!-- runners.SampleRunner -->
